<?xml version="1.0" encoding="UTF-8"?>
<robot generator="Robot 3.0.4 (Python 3.6.1 on win32)" generated="20180619 15:08:31.676">
<suite id="s1" name="百度搜索测试套件">
<test id="s1-t1" name="启动浏览器">
<kw name="Open Browser" library="SeleniumLibrary">
<doc>Opens a new browser instance to the given ``url``.</doc>
<arguments>
<arg>${baidu}</arg>
<arg>${browser}</arg>
</arguments>
<msg timestamp="20180619 15:08:31.950" level="INFO">Opening browser 'Chrome' to base url 'http://www.baidu.com'.</msg>
<status status="PASS" starttime="20180619 15:08:31.949" endtime="20180619 15:08:37.553"></status>
</kw>
<kw name="Title Should Be" library="SeleniumLibrary">
<doc>Verifies that current page title equals ``title``.</doc>
<arguments>
<arg>百度一下，你就知道</arg>
</arguments>
<msg timestamp="20180619 15:08:37.572" level="INFO">Page title is '百度一下，你就知道'.</msg>
<status status="PASS" starttime="20180619 15:08:37.553" endtime="20180619 15:08:37.572"></status>
</kw>
<status status="PASS" starttime="20180619 15:08:31.947" endtime="20180619 15:08:37.572" critical="no"></status>
</test>
<test id="s1-t2" name="百度搜索测试">
<kw name="Input Text" library="SeleniumLibrary">
<doc>Types the given ``text`` into text field identified by ``locator``.</doc>
<arguments>
<arg>${search_input}</arg>
<arg>${searchWord}</arg>
</arguments>
<msg timestamp="20180619 15:08:37.575" level="INFO">Typing text '开源优测' into text field 'id=kw'.</msg>
<status status="PASS" starttime="20180619 15:08:37.575" endtime="20180619 15:08:37.845"></status>
</kw>
<kw name="Click Button" library="SeleniumLibrary">
<doc>Clicks button identified by ``locator``.</doc>
<arguments>
<arg>${search_btn}</arg>
</arguments>
<msg timestamp="20180619 15:08:37.847" level="INFO">Clicking button 'id=su'.</msg>
<status status="PASS" starttime="20180619 15:08:37.845" endtime="20180619 15:08:37.974"></status>
</kw>
<kw name="Sleep" library="BuiltIn">
<doc>Pauses the test executed for the given time.</doc>
<arguments>
<arg>5s</arg>
</arguments>
<msg timestamp="20180619 15:08:42.975" level="INFO">Slept 5 seconds</msg>
<status status="PASS" starttime="20180619 15:08:37.974" endtime="20180619 15:08:42.975"></status>
</kw>
<status status="PASS" starttime="20180619 15:08:37.573" endtime="20180619 15:08:42.976" critical="no"></status>
</test>
<test id="s1-t3" name="断言验证搜索结果标题">
<kw name="Title Should Be" library="SeleniumLibrary">
<doc>Verifies that current page title equals ``title``.</doc>
<arguments>
<arg>开源优测_百度搜索</arg>
</arguments>
<msg timestamp="20180619 15:08:42.990" level="INFO">Page title is '开源优测_百度搜索'.</msg>
<status status="PASS" starttime="20180619 15:08:42.981" endtime="20180619 15:08:42.990"></status>
</kw>
<status status="PASS" starttime="20180619 15:08:42.976" endtime="20180619 15:08:42.990" critical="no"></status>
</test>
<test id="s1-t4" name="关闭浏览器">
<kw name="Close All Browsers" library="SeleniumLibrary">
<doc>Closes all open browsers and resets the browser cache.</doc>
<status status="PASS" starttime="20180619 15:08:42.993" endtime="20180619 15:08:46.075"></status>
</kw>
<status status="PASS" starttime="20180619 15:08:42.991" endtime="20180619 15:08:46.076" critical="no"></status>
</test>
<status status="PASS" starttime="20180619 15:08:31.679" endtime="20180619 15:08:46.078"></status>
</suite>
<statistics>
<total>
<stat pass="0" fail="0">Critical Tests</stat>
<stat pass="4" fail="0">All Tests</stat>
</total>
<tag>
<stat pass="0" fail="0" info="critical">百度搜索</stat>
</tag>
<suite>
<stat pass="4" fail="0" id="s1" name="百度搜索测试套件">百度搜索测试套件</stat>
</suite>
</statistics>
<errors>
</errors>
</robot>
