<?xml version="1.0" encoding="UTF-8"?>
<robot generator="Robot 3.0.4 (Python 3.6.1 on win32)" generated="20180619 15:03:23.522">
<suite id="s1" name="百度搜索测试套件">
<test id="s1-t1" name="启动浏览器">
<kw name="Open Browser" library="SeleniumLibrary">
<doc>Opens a new browser instance to the given ``url``.</doc>
<arguments>
<arg>http://www.baidu.com</arg>
<arg>Chrome</arg>
</arguments>
<msg timestamp="20180619 15:03:24.231" level="INFO">Opening browser 'Chrome' to base url 'http://www.baidu.com'.</msg>
<status status="PASS" starttime="20180619 15:03:24.231" endtime="20180619 15:03:30.006"></status>
</kw>
<kw name="Title Should Be" library="SeleniumLibrary">
<doc>Verifies that current page title equals ``title``.</doc>
<arguments>
<arg>百度一下，你就知道</arg>
</arguments>
<msg timestamp="20180619 15:03:30.017" level="INFO">Page title is '百度一下，你就知道'.</msg>
<status status="PASS" starttime="20180619 15:03:30.007" endtime="20180619 15:03:30.017"></status>
</kw>
<status status="PASS" starttime="20180619 15:03:24.229" endtime="20180619 15:03:30.018" critical="no"></status>
</test>
<test id="s1-t2" name="百度搜索测试">
<kw name="Input Text" library="SeleniumLibrary">
<doc>Types the given ``text`` into text field identified by ``locator``.</doc>
<arguments>
<arg>id=kw</arg>
<arg>开源优测</arg>
</arguments>
<msg timestamp="20180619 15:03:30.023" level="INFO">Typing text '开源优测' into text field 'id=kw'.</msg>
<status status="PASS" starttime="20180619 15:03:30.022" endtime="20180619 15:03:30.248"></status>
</kw>
<kw name="Click Button" library="SeleniumLibrary">
<doc>Clicks button identified by ``locator``.</doc>
<arguments>
<arg>id=su</arg>
</arguments>
<msg timestamp="20180619 15:03:30.249" level="INFO">Clicking button 'id=su'.</msg>
<status status="PASS" starttime="20180619 15:03:30.248" endtime="20180619 15:03:30.400"></status>
</kw>
<kw name="Sleep" library="BuiltIn">
<doc>Pauses the test executed for the given time.</doc>
<arguments>
<arg>5s</arg>
</arguments>
<msg timestamp="20180619 15:03:35.401" level="INFO">Slept 5 seconds</msg>
<status status="PASS" starttime="20180619 15:03:30.401" endtime="20180619 15:03:35.402"></status>
</kw>
<status status="PASS" starttime="20180619 15:03:30.021" endtime="20180619 15:03:35.403" critical="no"></status>
</test>
<test id="s1-t3" name="断言验证搜索结果标题">
<kw name="Title Should Be" library="SeleniumLibrary">
<doc>Verifies that current page title equals ``title``.</doc>
<arguments>
<arg>开源优测_百度搜索</arg>
</arguments>
<msg timestamp="20180619 15:03:35.442" level="INFO">Page title is '开源优测_百度搜索'.</msg>
<status status="PASS" starttime="20180619 15:03:35.413" endtime="20180619 15:03:35.442"></status>
</kw>
<status status="PASS" starttime="20180619 15:03:35.406" endtime="20180619 15:03:35.442" critical="no"></status>
</test>
<test id="s1-t4" name="关闭浏览器">
<kw name="Close All Browsers" library="SeleniumLibrary">
<doc>Closes all open browsers and resets the browser cache.</doc>
<status status="PASS" starttime="20180619 15:03:35.445" endtime="20180619 15:03:38.511"></status>
</kw>
<status status="PASS" starttime="20180619 15:03:35.443" endtime="20180619 15:03:38.511" critical="no"></status>
</test>
<status status="PASS" starttime="20180619 15:03:23.526" endtime="20180619 15:03:38.513"></status>
</suite>
<statistics>
<total>
<stat pass="0" fail="0">Critical Tests</stat>
<stat pass="4" fail="0">All Tests</stat>
</total>
<tag>
<stat pass="0" fail="0" info="critical">百度搜索</stat>
</tag>
<suite>
<stat pass="4" fail="0" id="s1" name="百度搜索测试套件">百度搜索测试套件</stat>
</suite>
</statistics>
<errors>
</errors>
</robot>
